{"C:\\Users\\L O Q\\Desktop\\odin_projects\\project_battleShip\\gameBoard.js": {"path":"C:\\Users\\L O Q\\Desktop\\odin_projects\\project_battleShip\\gameBoard.js","statementMap":{"0":{"start":{"line":3,"column":2},"end":{"line":3,"column":27}},"1":{"start":{"line":4,"column":2},"end":{"line":6,"column":42}},"2":{"start":{"line":6,"column":14},"end":{"line":6,"column":40}},"3":{"start":{"line":7,"column":2},"end":{"line":7,"column":24}},"4":{"start":{"line":8,"column":2},"end":{"line":8,"column":21}},"5":{"start":{"line":9,"column":2},"end":{"line":9,"column":18}},"6":{"start":{"line":13,"column":2},"end":{"line":13,"column":23}},"7":{"start":{"line":17,"column":2},"end":{"line":17,"column":20}},"8":{"start":{"line":20,"column":2},"end":{"line":20,"column":19}},"9":{"start":{"line":23,"column":2},"end":{"line":23,"column":34}},"10":{"start":{"line":23,"column":22},"end":{"line":23,"column":34}},"11":{"start":{"line":30,"column":2},"end":{"line":32,"column":4}},"12":{"start":{"line":31,"column":3},"end":{"line":31,"column":34}},"13":{"start":{"line":33,"column":2},"end":{"line":33,"column":20}},"14":{"start":{"line":34,"column":2},"end":{"line":34,"column":23}},"15":{"start":{"line":35,"column":2},"end":{"line":35,"column":17}},"16":{"start":{"line":39,"column":2},"end":{"line":39,"column":53}},"17":{"start":{"line":39,"column":40},"end":{"line":39,"column":53}},"18":{"start":{"line":41,"column":2},"end":{"line":42,"column":16}},"19":{"start":{"line":42,"column":3},"end":{"line":42,"column":16}},"20":{"start":{"line":43,"column":2},"end":{"line":44,"column":16}},"21":{"start":{"line":44,"column":3},"end":{"line":44,"column":16}},"22":{"start":{"line":45,"column":2},"end":{"line":50,"column":3}},"23":{"start":{"line":45,"column":15},"end":{"line":45,"column":16}},"24":{"start":{"line":46,"column":3},"end":{"line":47,"column":17}},"25":{"start":{"line":47,"column":4},"end":{"line":47,"column":17}},"26":{"start":{"line":48,"column":3},"end":{"line":49,"column":17}},"27":{"start":{"line":49,"column":4},"end":{"line":49,"column":17}},"28":{"start":{"line":51,"column":2},"end":{"line":51,"column":14}},"29":{"start":{"line":55,"column":2},"end":{"line":57,"column":3}},"30":{"start":{"line":56,"column":3},"end":{"line":56,"column":16}},"31":{"start":{"line":59,"column":2},"end":{"line":65,"column":3}},"32":{"start":{"line":59,"column":15},"end":{"line":59,"column":16}},"33":{"start":{"line":60,"column":3},"end":{"line":64,"column":4}},"34":{"start":{"line":61,"column":4},"end":{"line":61,"column":31}},"35":{"start":{"line":62,"column":10},"end":{"line":64,"column":4}},"36":{"start":{"line":63,"column":4},"end":{"line":63,"column":31}},"37":{"start":{"line":66,"column":2},"end":{"line":66,"column":24}},"38":{"start":{"line":67,"column":2},"end":{"line":67,"column":14}},"39":{"start":{"line":71,"column":26},"end":{"line":73,"column":3}},"40":{"start":{"line":72,"column":15},"end":{"line":72,"column":39}},"41":{"start":{"line":74,"column":2},"end":{"line":74,"column":45}},"42":{"start":{"line":74,"column":23},"end":{"line":74,"column":45}},"43":{"start":{"line":75,"column":23},"end":{"line":77,"column":3}},"44":{"start":{"line":76,"column":15},"end":{"line":76,"column":39}},"45":{"start":{"line":79,"column":2},"end":{"line":79,"column":41}},"46":{"start":{"line":79,"column":20},"end":{"line":79,"column":41}},"47":{"start":{"line":81,"column":2},"end":{"line":89,"column":3}},"48":{"start":{"line":82,"column":16},"end":{"line":82,"column":37}},"49":{"start":{"line":83,"column":3},"end":{"line":83,"column":14}},"50":{"start":{"line":84,"column":3},"end":{"line":84,"column":36}},"51":{"start":{"line":85,"column":3},"end":{"line":85,"column":16}},"52":{"start":{"line":87,"column":3},"end":{"line":87,"column":39}},"53":{"start":{"line":88,"column":3},"end":{"line":88,"column":17}},"54":{"start":{"line":93,"column":2},"end":{"line":97,"column":3}},"55":{"start":{"line":94,"column":3},"end":{"line":96,"column":4}},"56":{"start":{"line":95,"column":4},"end":{"line":95,"column":17}},"57":{"start":{"line":98,"column":2},"end":{"line":98,"column":14}}},"fnMap":{"0":{"name":"(anonymous_0)","decl":{"start":{"line":2,"column":1},"end":{"line":2,"column":2}},"loc":{"start":{"line":2,"column":27},"end":{"line":10,"column":2}},"line":2},"1":{"name":"(anonymous_1)","decl":{"start":{"line":6,"column":8},"end":{"line":6,"column":9}},"loc":{"start":{"line":6,"column":14},"end":{"line":6,"column":40}},"line":6},"2":{"name":"(anonymous_2)","decl":{"start":{"line":12,"column":1},"end":{"line":12,"column":2}},"loc":{"start":{"line":12,"column":15},"end":{"line":14,"column":2}},"line":12},"3":{"name":"(anonymous_3)","decl":{"start":{"line":16,"column":1},"end":{"line":16,"column":2}},"loc":{"start":{"line":16,"column":12},"end":{"line":18,"column":2}},"line":16},"4":{"name":"(anonymous_4)","decl":{"start":{"line":19,"column":1},"end":{"line":19,"column":2}},"loc":{"start":{"line":19,"column":11},"end":{"line":21,"column":2}},"line":19},"5":{"name":"(anonymous_5)","decl":{"start":{"line":22,"column":1},"end":{"line":22,"column":2}},"loc":{"start":{"line":22,"column":29},"end":{"line":27,"column":2}},"line":22},"6":{"name":"(anonymous_6)","decl":{"start":{"line":29,"column":1},"end":{"line":29,"column":2}},"loc":{"start":{"line":29,"column":14},"end":{"line":36,"column":2}},"line":29},"7":{"name":"(anonymous_7)","decl":{"start":{"line":30,"column":48},"end":{"line":30,"column":49}},"loc":{"start":{"line":31,"column":3},"end":{"line":31,"column":34}},"line":31},"8":{"name":"(anonymous_8)","decl":{"start":{"line":38,"column":1},"end":{"line":38,"column":2}},"loc":{"start":{"line":38,"column":45},"end":{"line":52,"column":2}},"line":38},"9":{"name":"(anonymous_9)","decl":{"start":{"line":54,"column":1},"end":{"line":54,"column":2}},"loc":{"start":{"line":54,"column":35},"end":{"line":68,"column":2}},"line":54},"10":{"name":"(anonymous_10)","decl":{"start":{"line":70,"column":1},"end":{"line":70,"column":2}},"loc":{"start":{"line":70,"column":27},"end":{"line":90,"column":2}},"line":70},"11":{"name":"(anonymous_11)","decl":{"start":{"line":72,"column":3},"end":{"line":72,"column":4}},"loc":{"start":{"line":72,"column":15},"end":{"line":72,"column":39}},"line":72},"12":{"name":"(anonymous_12)","decl":{"start":{"line":76,"column":3},"end":{"line":76,"column":4}},"loc":{"start":{"line":76,"column":15},"end":{"line":76,"column":39}},"line":76},"13":{"name":"(anonymous_13)","decl":{"start":{"line":92,"column":1},"end":{"line":92,"column":2}},"loc":{"start":{"line":92,"column":16},"end":{"line":99,"column":2}},"line":92}},"branchMap":{"0":{"loc":{"start":{"line":2,"column":13},"end":{"line":2,"column":25}},"type":"default-arg","locations":[{"start":{"line":2,"column":24},"end":{"line":2,"column":25}}],"line":2},"1":{"loc":{"start":{"line":23,"column":2},"end":{"line":23,"column":34}},"type":"if","locations":[{"start":{"line":23,"column":2},"end":{"line":23,"column":34}},{"start":{},"end":{}}],"line":23},"2":{"loc":{"start":{"line":23,"column":6},"end":{"line":23,"column":20}},"type":"binary-expr","locations":[{"start":{"line":23,"column":6},"end":{"line":23,"column":11}},{"start":{"line":23,"column":15},"end":{"line":23,"column":20}}],"line":23},"3":{"loc":{"start":{"line":39,"column":2},"end":{"line":39,"column":53}},"type":"if","locations":[{"start":{"line":39,"column":2},"end":{"line":39,"column":53}},{"start":{},"end":{}}],"line":39},"4":{"loc":{"start":{"line":41,"column":2},"end":{"line":42,"column":16}},"type":"if","locations":[{"start":{"line":41,"column":2},"end":{"line":42,"column":16}},{"start":{},"end":{}}],"line":41},"5":{"loc":{"start":{"line":41,"column":6},"end":{"line":41,"column":67}},"type":"binary-expr","locations":[{"start":{"line":41,"column":6},"end":{"line":41,"column":32}},{"start":{"line":41,"column":36},"end":{"line":41,"column":67}}],"line":41},"6":{"loc":{"start":{"line":43,"column":2},"end":{"line":44,"column":16}},"type":"if","locations":[{"start":{"line":43,"column":2},"end":{"line":44,"column":16}},{"start":{},"end":{}}],"line":43},"7":{"loc":{"start":{"line":43,"column":6},"end":{"line":43,"column":65}},"type":"binary-expr","locations":[{"start":{"line":43,"column":6},"end":{"line":43,"column":30}},{"start":{"line":43,"column":34},"end":{"line":43,"column":65}}],"line":43},"8":{"loc":{"start":{"line":46,"column":3},"end":{"line":47,"column":17}},"type":"if","locations":[{"start":{"line":46,"column":3},"end":{"line":47,"column":17}},{"start":{},"end":{}}],"line":46},"9":{"loc":{"start":{"line":46,"column":7},"end":{"line":46,"column":65}},"type":"binary-expr","locations":[{"start":{"line":46,"column":7},"end":{"line":46,"column":33}},{"start":{"line":46,"column":37},"end":{"line":46,"column":65}}],"line":46},"10":{"loc":{"start":{"line":48,"column":3},"end":{"line":49,"column":17}},"type":"if","locations":[{"start":{"line":48,"column":3},"end":{"line":49,"column":17}},{"start":{},"end":{}}],"line":48},"11":{"loc":{"start":{"line":48,"column":7},"end":{"line":48,"column":63}},"type":"binary-expr","locations":[{"start":{"line":48,"column":7},"end":{"line":48,"column":31}},{"start":{"line":48,"column":35},"end":{"line":48,"column":63}}],"line":48},"12":{"loc":{"start":{"line":55,"column":2},"end":{"line":57,"column":3}},"type":"if","locations":[{"start":{"line":55,"column":2},"end":{"line":57,"column":3}},{"start":{},"end":{}}],"line":55},"13":{"loc":{"start":{"line":60,"column":3},"end":{"line":64,"column":4}},"type":"if","locations":[{"start":{"line":60,"column":3},"end":{"line":64,"column":4}},{"start":{"line":62,"column":10},"end":{"line":64,"column":4}}],"line":60},"14":{"loc":{"start":{"line":62,"column":10},"end":{"line":64,"column":4}},"type":"if","locations":[{"start":{"line":62,"column":10},"end":{"line":64,"column":4}},{"start":{},"end":{}}],"line":62},"15":{"loc":{"start":{"line":72,"column":15},"end":{"line":72,"column":39}},"type":"binary-expr","locations":[{"start":{"line":72,"column":15},"end":{"line":72,"column":25}},{"start":{"line":72,"column":29},"end":{"line":72,"column":39}}],"line":72},"16":{"loc":{"start":{"line":74,"column":2},"end":{"line":74,"column":45}},"type":"if","locations":[{"start":{"line":74,"column":2},"end":{"line":74,"column":45}},{"start":{},"end":{}}],"line":74},"17":{"loc":{"start":{"line":76,"column":15},"end":{"line":76,"column":39}},"type":"binary-expr","locations":[{"start":{"line":76,"column":15},"end":{"line":76,"column":25}},{"start":{"line":76,"column":29},"end":{"line":76,"column":39}}],"line":76},"18":{"loc":{"start":{"line":79,"column":2},"end":{"line":79,"column":41}},"type":"if","locations":[{"start":{"line":79,"column":2},"end":{"line":79,"column":41}},{"start":{},"end":{}}],"line":79},"19":{"loc":{"start":{"line":81,"column":2},"end":{"line":89,"column":3}},"type":"if","locations":[{"start":{"line":81,"column":2},"end":{"line":89,"column":3}},{"start":{"line":86,"column":9},"end":{"line":89,"column":3}}],"line":81},"20":{"loc":{"start":{"line":94,"column":3},"end":{"line":96,"column":4}},"type":"if","locations":[{"start":{"line":94,"column":3},"end":{"line":96,"column":4}},{"start":{},"end":{}}],"line":94}},"s":{"0":14,"1":14,"2":57,"3":14,"4":14,"5":14,"6":2,"7":0,"8":0,"9":0,"10":0,"11":0,"12":0,"13":0,"14":0,"15":0,"16":0,"17":0,"18":0,"19":0,"20":0,"21":0,"22":0,"23":0,"24":0,"25":0,"26":0,"27":0,"28":0,"29":0,"30":0,"31":0,"32":0,"33":0,"34":0,"35":0,"36":0,"37":0,"38":0,"39":0,"40":0,"41":0,"42":0,"43":0,"44":0,"45":0,"46":0,"47":0,"48":0,"49":0,"50":0,"51":0,"52":0,"53":0,"54":0,"55":0,"56":0,"57":0},"f":{"0":14,"1":57,"2":2,"3":0,"4":0,"5":0,"6":0,"7":0,"8":0,"9":0,"10":0,"11":0,"12":0,"13":0},"b":{"0":[0],"1":[0,0],"2":[0,0],"3":[0,0],"4":[0,0],"5":[0,0],"6":[0,0],"7":[0,0],"8":[0,0],"9":[0,0],"10":[0,0],"11":[0,0],"12":[0,0],"13":[0,0],"14":[0,0],"15":[0,0],"16":[0,0],"17":[0,0],"18":[0,0],"19":[0,0],"20":[0,0]},"_coverageSchema":"1a1c01bbd47fc00a2c39e90264f33305004495a9","hash":"042aa6adbe3769621b05d9fc3e9318435d4274a8"}
,"C:\\Users\\L O Q\\Desktop\\odin_projects\\project_battleShip\\player.js": {"path":"C:\\Users\\L O Q\\Desktop\\odin_projects\\project_battleShip\\player.js","statementMap":{"0":{"start":{"line":5,"column":2},"end":{"line":5,"column":52}},"1":{"start":{"line":6,"column":2},"end":{"line":6,"column":19}},"2":{"start":{"line":7,"column":2},"end":{"line":7,"column":31}},"3":{"start":{"line":8,"column":2},"end":{"line":8,"column":26}},"4":{"start":{"line":9,"column":2},"end":{"line":9,"column":27}},"5":{"start":{"line":10,"column":2},"end":{"line":10,"column":45}},"6":{"start":{"line":11,"column":2},"end":{"line":11,"column":24}},"7":{"start":{"line":12,"column":2},"end":{"line":12,"column":21}},"8":{"start":{"line":15,"column":2},"end":{"line":15,"column":25}},"9":{"start":{"line":18,"column":2},"end":{"line":18,"column":19}},"10":{"start":{"line":21,"column":2},"end":{"line":21,"column":21}},"11":{"start":{"line":24,"column":2},"end":{"line":24,"column":29}},"12":{"start":{"line":28,"column":2},"end":{"line":28,"column":51}},"13":{"start":{"line":32,"column":2},"end":{"line":37,"column":3}},"14":{"start":{"line":33,"column":3},"end":{"line":33,"column":35}},"15":{"start":{"line":35,"column":3},"end":{"line":35,"column":22}},"16":{"start":{"line":36,"column":3},"end":{"line":36,"column":49}},"17":{"start":{"line":41,"column":21},"end":{"line":46,"column":3}},"18":{"start":{"line":47,"column":2},"end":{"line":57,"column":5}},"19":{"start":{"line":49,"column":4},"end":{"line":55,"column":5}},"20":{"start":{"line":54,"column":19},"end":{"line":54,"column":45}},"21":{"start":{"line":56,"column":3},"end":{"line":56,"column":52}},"22":{"start":{"line":56,"column":16},"end":{"line":56,"column":52}},"23":{"start":{"line":84,"column":3},"end":{"line":84,"column":50}},"24":{"start":{"line":86,"column":2},"end":{"line":101,"column":3}},"25":{"start":{"line":86,"column":15},"end":{"line":86,"column":16}},"26":{"start":{"line":88,"column":22},"end":{"line":90,"column":4}},"27":{"start":{"line":91,"column":22},"end":{"line":93,"column":4}},"28":{"start":{"line":95,"column":23},"end":{"line":96,"column":40}},"29":{"start":{"line":96,"column":4},"end":{"line":96,"column":40}},"30":{"start":{"line":97,"column":3},"end":{"line":100,"column":4}},"31":{"start":{"line":98,"column":4},"end":{"line":98,"column":55}},"32":{"start":{"line":99,"column":4},"end":{"line":99,"column":36}},"33":{"start":{"line":102,"column":2},"end":{"line":102,"column":14}},"34":{"start":{"line":106,"column":2},"end":{"line":132,"column":5}},"35":{"start":{"line":107,"column":3},"end":{"line":131,"column":4}},"36":{"start":{"line":108,"column":23},"end":{"line":110,"column":5}},"37":{"start":{"line":111,"column":23},"end":{"line":113,"column":5}},"38":{"start":{"line":114,"column":22},"end":{"line":114,"column":63}},"39":{"start":{"line":115,"column":4},"end":{"line":130,"column":5}},"40":{"start":{"line":123,"column":5},"end":{"line":128,"column":7}},"41":{"start":{"line":129,"column":5},"end":{"line":129,"column":11}}},"fnMap":{"0":{"name":"(anonymous_0)","decl":{"start":{"line":4,"column":1},"end":{"line":4,"column":2}},"loc":{"start":{"line":4,"column":50},"end":{"line":13,"column":2}},"line":4},"1":{"name":"(anonymous_1)","decl":{"start":{"line":14,"column":1},"end":{"line":14,"column":2}},"loc":{"start":{"line":14,"column":17},"end":{"line":16,"column":2}},"line":14},"2":{"name":"(anonymous_2)","decl":{"start":{"line":17,"column":1},"end":{"line":17,"column":2}},"loc":{"start":{"line":17,"column":17},"end":{"line":19,"column":2}},"line":17},"3":{"name":"(anonymous_3)","decl":{"start":{"line":20,"column":1},"end":{"line":20,"column":2}},"loc":{"start":{"line":20,"column":20},"end":{"line":22,"column":2}},"line":20},"4":{"name":"(anonymous_4)","decl":{"start":{"line":23,"column":1},"end":{"line":23,"column":2}},"loc":{"start":{"line":23,"column":21},"end":{"line":25,"column":2}},"line":23},"5":{"name":"(anonymous_5)","decl":{"start":{"line":27,"column":1},"end":{"line":27,"column":2}},"loc":{"start":{"line":27,"column":31},"end":{"line":29,"column":2}},"line":27},"6":{"name":"(anonymous_6)","decl":{"start":{"line":31,"column":1},"end":{"line":31,"column":2}},"loc":{"start":{"line":31,"column":34},"end":{"line":38,"column":2}},"line":31},"7":{"name":"(anonymous_7)","decl":{"start":{"line":40,"column":1},"end":{"line":40,"column":2}},"loc":{"start":{"line":40,"column":34},"end":{"line":58,"column":2}},"line":40},"8":{"name":"(anonymous_8)","decl":{"start":{"line":47,"column":21},"end":{"line":47,"column":22}},"loc":{"start":{"line":47,"column":39},"end":{"line":57,"column":3}},"line":47},"9":{"name":"(anonymous_9)","decl":{"start":{"line":54,"column":5},"end":{"line":54,"column":6}},"loc":{"start":{"line":54,"column":19},"end":{"line":54,"column":45}},"line":54},"10":{"name":"(anonymous_10)","decl":{"start":{"line":82,"column":1},"end":{"line":82,"column":2}},"loc":{"start":{"line":82,"column":35},"end":{"line":103,"column":2}},"line":82},"11":{"name":"(anonymous_11)","decl":{"start":{"line":95,"column":23},"end":{"line":95,"column":24}},"loc":{"start":{"line":96,"column":4},"end":{"line":96,"column":40}},"line":96},"12":{"name":"(anonymous_12)","decl":{"start":{"line":105,"column":1},"end":{"line":105,"column":2}},"loc":{"start":{"line":105,"column":39},"end":{"line":133,"column":2}},"line":105},"13":{"name":"(anonymous_13)","decl":{"start":{"line":106,"column":16},"end":{"line":106,"column":17}},"loc":{"start":{"line":106,"column":26},"end":{"line":132,"column":3}},"line":106}},"branchMap":{"0":{"loc":{"start":{"line":32,"column":2},"end":{"line":37,"column":3}},"type":"if","locations":[{"start":{"line":32,"column":2},"end":{"line":37,"column":3}},{"start":{"line":34,"column":9},"end":{"line":37,"column":3}}],"line":32},"1":{"loc":{"start":{"line":32,"column":6},"end":{"line":32,"column":59}},"type":"binary-expr","locations":[{"start":{"line":32,"column":6},"end":{"line":32,"column":28}},{"start":{"line":32,"column":32},"end":{"line":32,"column":59}}],"line":32},"2":{"loc":{"start":{"line":49,"column":4},"end":{"line":55,"column":5}},"type":"binary-expr","locations":[{"start":{"line":49,"column":4},"end":{"line":49,"column":13}},{"start":{"line":50,"column":4},"end":{"line":50,"column":13}},{"start":{"line":51,"column":4},"end":{"line":51,"column":33}},{"start":{"line":52,"column":4},"end":{"line":52,"column":33}},{"start":{"line":53,"column":4},"end":{"line":55,"column":5}}],"line":49},"3":{"loc":{"start":{"line":54,"column":19},"end":{"line":54,"column":45}},"type":"binary-expr","locations":[{"start":{"line":54,"column":19},"end":{"line":54,"column":30}},{"start":{"line":54,"column":34},"end":{"line":54,"column":45}}],"line":54},"4":{"loc":{"start":{"line":56,"column":3},"end":{"line":56,"column":52}},"type":"if","locations":[{"start":{"line":56,"column":3},"end":{"line":56,"column":52}},{"start":{},"end":{}}],"line":56},"5":{"loc":{"start":{"line":96,"column":4},"end":{"line":96,"column":40}},"type":"binary-expr","locations":[{"start":{"line":96,"column":4},"end":{"line":96,"column":20}},{"start":{"line":96,"column":24},"end":{"line":96,"column":40}}],"line":96},"6":{"loc":{"start":{"line":97,"column":3},"end":{"line":100,"column":4}},"type":"if","locations":[{"start":{"line":97,"column":3},"end":{"line":100,"column":4}},{"start":{},"end":{}}],"line":97},"7":{"loc":{"start":{"line":115,"column":4},"end":{"line":130,"column":5}},"type":"if","locations":[{"start":{"line":115,"column":4},"end":{"line":130,"column":5}},{"start":{},"end":{}}],"line":115}},"s":{"0":14,"1":14,"2":14,"3":14,"4":14,"5":14,"6":14,"7":14,"8":2,"9":2,"10":0,"11":0,"12":0,"13":0,"14":0,"15":0,"16":0,"17":0,"18":0,"19":0,"20":0,"21":0,"22":0,"23":20,"24":20,"25":20,"26":33,"27":33,"28":33,"29":197,"30":33,"31":20,"32":20,"33":0,"34":0,"35":0,"36":0,"37":0,"38":0,"39":0,"40":0,"41":0},"f":{"0":14,"1":2,"2":2,"3":0,"4":0,"5":0,"6":0,"7":0,"8":0,"9":0,"10":20,"11":197,"12":0,"13":0},"b":{"0":[0,0],"1":[0,0],"2":[0,0,0,0,0],"3":[0,0],"4":[0,0],"5":[197,51],"6":[20,13],"7":[0,0]},"_coverageSchema":"1a1c01bbd47fc00a2c39e90264f33305004495a9","hash":"5feb187f5837fad5cf9da20f48081fa213475400"}
,"C:\\Users\\L O Q\\Desktop\\odin_projects\\project_battleShip\\ship.js": {"path":"C:\\Users\\L O Q\\Desktop\\odin_projects\\project_battleShip\\ship.js","statementMap":{"0":{"start":{"line":3,"column":8},"end":{"line":3,"column":29}},"1":{"start":{"line":4,"column":8},"end":{"line":4,"column":22}},"2":{"start":{"line":8,"column":8},"end":{"line":8,"column":22}},"3":{"start":{"line":12,"column":8},"end":{"line":12,"column":25}},"4":{"start":{"line":16,"column":8},"end":{"line":16,"column":40}}},"fnMap":{"0":{"name":"(anonymous_0)","decl":{"start":{"line":2,"column":4},"end":{"line":2,"column":5}},"loc":{"start":{"line":2,"column":24},"end":{"line":5,"column":5}},"line":2},"1":{"name":"(anonymous_1)","decl":{"start":{"line":7,"column":4},"end":{"line":7,"column":5}},"loc":{"start":{"line":7,"column":10},"end":{"line":9,"column":5}},"line":7},"2":{"name":"(anonymous_2)","decl":{"start":{"line":11,"column":4},"end":{"line":11,"column":5}},"loc":{"start":{"line":11,"column":13},"end":{"line":13,"column":5}},"line":11},"3":{"name":"(anonymous_3)","decl":{"start":{"line":15,"column":4},"end":{"line":15,"column":5}},"loc":{"start":{"line":15,"column":13},"end":{"line":17,"column":5}},"line":15}},"branchMap":{},"s":{"0":6,"1":6,"2":0,"3":0,"4":0},"f":{"0":6,"1":0,"2":0,"3":0},"b":{},"_coverageSchema":"1a1c01bbd47fc00a2c39e90264f33305004495a9","hash":"62794343dda18e4ba24af36fdaedd257d17fb73c"}
}
