TN:
SF:gameBoard.js
FN:2,(anonymous_0)
FN:6,(anonymous_1)
FN:12,(anonymous_2)
FN:16,(anonymous_3)
FN:19,(anonymous_4)
FN:22,(anonymous_5)
FN:29,(anonymous_6)
FN:30,(anonymous_7)
FN:38,(anonymous_8)
FN:54,(anonymous_9)
FN:70,(anonymous_10)
FN:72,(anonymous_11)
FN:76,(anonymous_12)
FN:92,(anonymous_13)
FNF:14
FNH:3
FNDA:14,(anonymous_0)
FNDA:57,(anonymous_1)
FNDA:2,(anonymous_2)
FNDA:0,(anonymous_3)
FNDA:0,(anonymous_4)
FNDA:0,(anonymous_5)
FNDA:0,(anonymous_6)
FNDA:0,(anonymous_7)
FNDA:0,(anonymous_8)
FNDA:0,(anonymous_9)
FNDA:0,(anonymous_10)
FNDA:0,(anonymous_11)
FNDA:0,(anonymous_12)
FNDA:0,(anonymous_13)
DA:3,14
DA:4,14
DA:6,57
DA:7,14
DA:8,14
DA:9,14
DA:13,2
DA:17,0
DA:20,0
DA:23,0
DA:30,0
DA:31,0
DA:33,0
DA:34,0
DA:35,0
DA:39,0
DA:41,0
DA:42,0
DA:43,0
DA:44,0
DA:45,0
DA:46,0
DA:47,0
DA:48,0
DA:49,0
DA:51,0
DA:55,0
DA:56,0
DA:59,0
DA:60,0
DA:61,0
DA:62,0
DA:63,0
DA:66,0
DA:67,0
DA:71,0
DA:72,0
DA:74,0
DA:75,0
DA:76,0
DA:79,0
DA:81,0
DA:82,0
DA:83,0
DA:84,0
DA:85,0
DA:87,0
DA:88,0
DA:93,0
DA:94,0
DA:95,0
DA:98,0
LF:52
LH:7
BRDA:2,0,0,0
BRDA:23,1,0,0
BRDA:23,1,1,0
BRDA:23,2,0,0
BRDA:23,2,1,0
BRDA:39,3,0,0
BRDA:39,3,1,0
BRDA:41,4,0,0
BRDA:41,4,1,0
BRDA:41,5,0,0
BRDA:41,5,1,0
BRDA:43,6,0,0
BRDA:43,6,1,0
BRDA:43,7,0,0
BRDA:43,7,1,0
BRDA:46,8,0,0
BRDA:46,8,1,0
BRDA:46,9,0,0
BRDA:46,9,1,0
BRDA:48,10,0,0
BRDA:48,10,1,0
BRDA:48,11,0,0
BRDA:48,11,1,0
BRDA:55,12,0,0
BRDA:55,12,1,0
BRDA:60,13,0,0
BRDA:60,13,1,0
BRDA:62,14,0,0
BRDA:62,14,1,0
BRDA:72,15,0,0
BRDA:72,15,1,0
BRDA:74,16,0,0
BRDA:74,16,1,0
BRDA:76,17,0,0
BRDA:76,17,1,0
BRDA:79,18,0,0
BRDA:79,18,1,0
BRDA:81,19,0,0
BRDA:81,19,1,0
BRDA:94,20,0,0
BRDA:94,20,1,0
BRF:41
BRH:0
end_of_record
TN:
SF:player.js
FN:4,(anonymous_0)
FN:14,(anonymous_1)
FN:17,(anonymous_2)
FN:20,(anonymous_3)
FN:23,(anonymous_4)
FN:27,(anonymous_5)
FN:31,(anonymous_6)
FN:40,(anonymous_7)
FN:47,(anonymous_8)
FN:54,(anonymous_9)
FN:82,(anonymous_10)
FN:95,(anonymous_11)
FN:105,(anonymous_12)
FN:106,(anonymous_13)
FNF:14
FNH:5
FNDA:14,(anonymous_0)
FNDA:2,(anonymous_1)
FNDA:2,(anonymous_2)
FNDA:0,(anonymous_3)
FNDA:0,(anonymous_4)
FNDA:0,(anonymous_5)
FNDA:0,(anonymous_6)
FNDA:0,(anonymous_7)
FNDA:0,(anonymous_8)
FNDA:0,(anonymous_9)
FNDA:20,(anonymous_10)
FNDA:197,(anonymous_11)
FNDA:0,(anonymous_12)
FNDA:0,(anonymous_13)
DA:5,14
DA:6,14
DA:7,14
DA:8,14
DA:9,14
DA:10,14
DA:11,14
DA:12,14
DA:15,2
DA:18,2
DA:21,0
DA:24,0
DA:28,0
DA:32,0
DA:33,0
DA:35,0
DA:36,0
DA:41,0
DA:47,0
DA:49,0
DA:54,0
DA:56,0
DA:84,20
DA:86,20
DA:88,33
DA:91,33
DA:95,33
DA:96,197
DA:97,33
DA:98,20
DA:99,20
DA:102,0
DA:106,0
DA:107,0
DA:108,0
DA:111,0
DA:114,0
DA:115,0
DA:123,0
DA:129,0
LF:40
LH:19
BRDA:32,0,0,0
BRDA:32,0,1,0
BRDA:32,1,0,0
BRDA:32,1,1,0
BRDA:49,2,0,0
BRDA:49,2,1,0
BRDA:49,2,2,0
BRDA:49,2,3,0
BRDA:49,2,4,0
BRDA:54,3,0,0
BRDA:54,3,1,0
BRDA:56,4,0,0
BRDA:56,4,1,0
BRDA:96,5,0,197
BRDA:96,5,1,51
BRDA:97,6,0,20
BRDA:97,6,1,13
BRDA:115,7,0,0
BRDA:115,7,1,0
BRF:19
BRH:4
end_of_record
TN:
SF:ship.js
FN:2,(anonymous_0)
FN:7,(anonymous_1)
FN:11,(anonymous_2)
FN:15,(anonymous_3)
FNF:4
FNH:1
FNDA:6,(anonymous_0)
FNDA:0,(anonymous_1)
FNDA:0,(anonymous_2)
FNDA:0,(anonymous_3)
DA:3,6
DA:4,6
DA:8,0
DA:12,0
DA:16,0
LF:5
LH:2
BRF:0
BRH:0
end_of_record
